<?xml version="1.0" encoding="utf-8"?><testsuites name="pytest tests"><testsuite name="pytest" errors="0" failures="1" skipped="0" tests="14" time="11.733" timestamp="2026-05-11T18:17:39.800044+00:00" hostname="agent-env-31b99c52-d71f-4b7f-b495-6bd9853d9d05"><testcase classname="backend.tests.test_safeconnect" name="test_health" time="0.206" /><testcase classname="backend.tests.test_safeconnect" name="test_login_demo_user" time="0.301" /><testcase classname="backend.tests.test_safeconnect" name="test_signup_and_duplicate" time="0.063"><failure message="AssertionError: {&quot;detail&quot;:[{&quot;type&quot;:&quot;value_error&quot;,&quot;loc&quot;:[&quot;body&quot;,&quot;email&quot;],&quot;msg&quot;:&quot;value is not a valid email address: The part after the @-sign is a special-use or reserved name that cannot be used with email.&quot;,&quot;input&quot;:&quot;test_83bc6433@safeconnect.test&quot;,&quot;ctx&quot;:{&quot;reason&quot;:&quot;The part after the @-sign is a special-use or reserved name that cannot be used with email.&quot;}}]}&#10;assert 422 == 200&#10; +  where 422 = &lt;Response [422]&gt;.status_code">backend/tests/test_safeconnect.py:82: in test_signup_and_duplicate
    assert r.status_code == 200, r.text
E   AssertionError: {"detail":[{"type":"value_error","loc":["body","email"],"msg":"value is not a valid email address: The part after the @-sign is a special-use or reserved name that cannot be used with email.","input":"test_83bc6433@safeconnect.test","ctx":{"reason":"The part after the @-sign is a special-use or reserved name that cannot be used with email."}}]}
E   assert 422 == 200
E    +  where 422 = &lt;Response [422]&gt;.status_code</failure></testcase><testcase classname="backend.tests.test_safeconnect" name="test_me_requires_token" time="0.057" /><testcase classname="backend.tests.test_safeconnect" name="test_me_with_token" time="0.053" /><testcase classname="backend.tests.test_safeconnect" name="test_patch_me" time="0.059" /><testcase classname="backend.tests.test_safeconnect" name="test_trip_crud" time="0.295" /><testcase classname="backend.tests.test_safeconnect" name="test_suggested_travellers" time="0.066" /><testcase classname="backend.tests.test_safeconnect" name="test_match_flow" time="0.497" /><testcase classname="backend.tests.test_safeconnect" name="test_chat_send_and_list" time="0.189" /><testcase classname="backend.tests.test_safeconnect" name="test_guides_list_and_book" time="0.244" /><testcase classname="backend.tests.test_safeconnect" name="test_posts_flow" time="0.342" /><testcase classname="backend.tests.test_safeconnect" name="test_emergency_and_sos" time="0.454" /><testcase classname="backend.tests.test_safeconnect" name="test_ai_chat_and_history" time="8.587" /></testsuite></testsuites>