<?xml version="1.0" encoding="utf-8"?><testsuites name="pytest tests"><testsuite name="pytest" errors="0" failures="1" skipped="0" tests="14" time="12.713" timestamp="2026-05-11T19:23:33.143397+00:00" hostname="agent-env-31b99c52-d71f-4b7f-b495-6bd9853d9d05"><testcase classname="backend.tests.test_safeconnect.TestHealth" name="test_root_ok" time="0.329" /><testcase classname="backend.tests.test_safeconnect.TestColdStart" name="test_demo_login_rejected" time="0.064" /><testcase classname="backend.tests.test_safeconnect.TestColdStart" name="test_public_guides_endpoint_works" time="0.066" /><testcase classname="backend.tests.test_safeconnect.TestColdStart" name="test_fresh_user_sees_no_demo_data" time="0.412" /><testcase classname="backend.tests.test_safeconnect.TestAuth" name="test_signup_then_login" time="0.283"><failure message="AssertionError: assert 'test_auth_03...1@example.com' == 'TEST_auth_03...1@example.com'&#10;  &#10;  - TEST_auth_0346183971@example.com&#10;  ? ^^^^&#10;  + test_auth_0346183971@example.com&#10;  ? ^^^^">backend/tests/test_safeconnect.py:105: in test_signup_then_login
    assert user["email"] == email
E   AssertionError: assert 'test_auth_03...1@example.com' == 'TEST_auth_03...1@example.com'
E     
E     - TEST_auth_0346183971@example.com
E     ? ^^^^
E     + test_auth_0346183971@example.com
E     ? ^^^^</failure></testcase><testcase classname="backend.tests.test_safeconnect.TestAuth" name="test_duplicate_signup_400" time="0.333" /><testcase classname="backend.tests.test_safeconnect.TestAuth" name="test_me_endpoint" time="0.337" /><testcase classname="backend.tests.test_safeconnect.TestGuides" name="test_register_filter_and_locations" time="1.105" /><testcase classname="backend.tests.test_safeconnect.TestTrips" name="test_trip_crud" time="0.518" /><testcase classname="backend.tests.test_safeconnect.TestMatches" name="test_request_and_respond" time="0.733" /><testcase classname="backend.tests.test_safeconnect.TestChat" name="test_start_send_list" time="0.805" /><testcase classname="backend.tests.test_safeconnect.TestPosts" name="test_create_and_list" time="0.547" /><testcase classname="backend.tests.test_safeconnect.TestEmergencyAndSos" name="test_full_flow" time="0.617" /><testcase classname="backend.tests.test_safeconnect.TestAI" name="test_gpt4o_reply" time="6.239" /></testsuite></testsuites>